<?xml version="1.0" encoding="UTF-8"?>
<coverage generated="1748876651078" clover="3.2.0">
  <project timestamp="1748876651078" name="All files">
    <metrics statements="20" coveredstatements="9" conditionals="2" coveredconditionals="2" methods="9" coveredmethods="3" elements="31" coveredelements="14" complexity="0" loc="20" ncloc="20" packages="4" files="4" classes="4"/>
    <package name="src">
      <metrics statements="11" coveredstatements="0" conditionals="0" coveredconditionals="0" methods="6" coveredmethods="0"/>
      <file name="App.jsx" path="C:\Users\DHANUNJAY\Desktop\Beema\BeemaAssurance-A\BeemaAssurance-A\src\App.jsx">
        <metrics statements="11" coveredstatements="0" conditionals="0" coveredconditionals="0" methods="6" coveredmethods="0"/>
        <line num="9" count="0" type="stmt"/>
        <line num="10" count="0" type="stmt"/>
        <line num="11" count="0" type="stmt"/>
        <line num="12" count="0" type="stmt"/>
        <line num="14" count="0" type="stmt"/>
        <line num="15" count="0" type="stmt"/>
        <line num="18" count="0" type="stmt"/>
        <line num="21" count="0" type="stmt"/>
        <line num="22" count="0" type="stmt"/>
        <line num="23" count="0" type="stmt"/>
        <line num="24" count="0" type="stmt"/>
      </file>
    </package>
    <package name="src.Components.HealthInsurance">
      <metrics statements="3" coveredstatements="3" conditionals="0" coveredconditionals="0" methods="1" coveredmethods="1"/>
      <file name="HealthInsurance.jsx" path="C:\Users\DHANUNJAY\Desktop\Beema\BeemaAssurance-A\BeemaAssurance-A\src\Components\HealthInsurance\HealthInsurance.jsx">
        <metrics statements="3" coveredstatements="3" conditionals="0" coveredconditionals="0" methods="1" coveredmethods="1"/>
        <line num="5" count="1" type="stmt"/>
        <line num="22" count="1" type="stmt"/>
        <line num="23" count="3" type="stmt"/>
      </file>
    </package>
    <package name="src.Components.ImageText">
      <metrics statements="2" coveredstatements="2" conditionals="2" coveredconditionals="2" methods="1" coveredmethods="1"/>
      <file name="ImageText.jsx" path="C:\Users\DHANUNJAY\Desktop\Beema\BeemaAssurance-A\BeemaAssurance-A\src\Components\ImageText\ImageText.jsx">
        <metrics statements="2" coveredstatements="2" conditionals="2" coveredconditionals="2" methods="1" coveredmethods="1"/>
        <line num="3" count="3" type="stmt"/>
        <line num="4" count="15" type="stmt"/>
      </file>
    </package>
    <package name="src.Components.Knowledge">
      <metrics statements="4" coveredstatements="4" conditionals="0" coveredconditionals="0" methods="1" coveredmethods="1"/>
      <file name="Knowledge.jsx" path="C:\Users\DHANUNJAY\Desktop\Beema\BeemaAssurance-A\BeemaAssurance-A\src\Components\Knowledge\Knowledge.jsx">
        <metrics statements="4" coveredstatements="4" conditionals="0" coveredconditionals="0" methods="1" coveredmethods="1"/>
        <line num="6" count="1" type="stmt"/>
        <line num="19" count="1" type="stmt"/>
        <line num="38" count="1" type="stmt"/>
        <line num="39" count="4" type="stmt"/>
      </file>
    </package>
  </project>
</coverage>
