{"C:\\Users\\aksha\\OneDrive\\Desktop\\assurance\\BeemaAssurance-A\\BeemaAssurance-A\\src\\App.jsx": {"path":"C:\\Users\\aksha\\OneDrive\\Desktop\\assurance\\BeemaAssurance-A\\BeemaAssurance-A\\src\\App.jsx","statementMap":{"0":{"start":{"line":11,"column":20},"end":{"line":11,"column":32}},"1":{"start":{"line":12,"column":22},"end":{"line":12,"column":34}},"2":{"start":{"line":16,"column":28},"end":{"line":18,"column":5}},"3":{"start":{"line":17,"column":8},"end":{"line":17,"column":60}},"4":{"start":{"line":20,"column":4},"end":{"line":47,"column":6}},"5":{"start":{"line":23,"column":35},"end":{"line":23,"column":59}},"6":{"start":{"line":24,"column":37},"end":{"line":24,"column":63}}},"fnMap":{"0":{"name":"App","decl":{"start":{"line":10,"column":9},"end":{"line":10,"column":12}},"loc":{"start":{"line":10,"column":15},"end":{"line":48,"column":1}},"line":10},"1":{"name":"(anonymous_1)","decl":{"start":{"line":16,"column":28},"end":{"line":16,"column":29}},"loc":{"start":{"line":16,"column":37},"end":{"line":18,"column":5}},"line":16},"2":{"name":"(anonymous_2)","decl":{"start":{"line":23,"column":29},"end":{"line":23,"column":30}},"loc":{"start":{"line":23,"column":35},"end":{"line":23,"column":59}},"line":23},"3":{"name":"(anonymous_3)","decl":{"start":{"line":24,"column":31},"end":{"line":24,"column":32}},"loc":{"start":{"line":24,"column":37},"end":{"line":24,"column":63}},"line":24}},"branchMap":{},"s":{"0":0,"1":0,"2":0,"3":0,"4":0,"5":0,"6":0},"f":{"0":0,"1":0,"2":0,"3":0},"b":{}}
,"C:\\Users\\aksha\\OneDrive\\Desktop\\assurance\\BeemaAssurance-A\\BeemaAssurance-A\\src\\Components\\Claims\\Claims.jsx": {"path":"C:\\Users\\aksha\\OneDrive\\Desktop\\assurance\\BeemaAssurance-A\\BeemaAssurance-A\\src\\Components\\Claims\\Claims.jsx","statementMap":{"0":{"start":{"line":6,"column":2},"end":{"line":31,"column":4}},"1":{"start":{"line":28,"column":23},"end":{"line":28,"column":57}}},"fnMap":{"0":{"name":"Claims","decl":{"start":{"line":5,"column":9},"end":{"line":5,"column":15}},"loc":{"start":{"line":5,"column":18},"end":{"line":32,"column":1}},"line":5},"1":{"name":"(anonymous_1)","decl":{"start":{"line":28,"column":17},"end":{"line":28,"column":18}},"loc":{"start":{"line":28,"column":23},"end":{"line":28,"column":57}},"line":28}},"branchMap":{},"s":{"0":0,"1":0},"f":{"0":0,"1":0},"b":{}}
,"C:\\Users\\aksha\\OneDrive\\Desktop\\assurance\\BeemaAssurance-A\\BeemaAssurance-A\\src\\Components\\Contact\\Contact.jsx": {"path":"C:\\Users\\aksha\\OneDrive\\Desktop\\assurance\\BeemaAssurance-A\\BeemaAssurance-A\\src\\Components\\Contact\\Contact.jsx","statementMap":{"0":{"start":{"line":3,"column":16},"end":{"line":77,"column":1}},"1":{"start":{"line":4,"column":34},"end":{"line":4,"column":80}},"2":{"start":{"line":5,"column":30},"end":{"line":5,"column":42}},"3":{"start":{"line":7,"column":23},"end":{"line":9,"column":3}},"4":{"start":{"line":8,"column":4},"end":{"line":8,"column":66}},"5":{"start":{"line":11,"column":23},"end":{"line":29,"column":3}},"6":{"start":{"line":12,"column":4},"end":{"line":12,"column":23}},"7":{"start":{"line":14,"column":16},"end":{"line":21,"column":6}},"8":{"start":{"line":23,"column":4},"end":{"line":28,"column":5}},"9":{"start":{"line":24,"column":6},"end":{"line":24,"column":46}},"10":{"start":{"line":25,"column":6},"end":{"line":25,"column":56}},"11":{"start":{"line":27,"column":6},"end":{"line":27,"column":60}},"12":{"start":{"line":31,"column":2},"end":{"line":76,"column":4}}},"fnMap":{"0":{"name":"(anonymous_0)","decl":{"start":{"line":3,"column":16},"end":{"line":3,"column":17}},"loc":{"start":{"line":3,"column":22},"end":{"line":77,"column":1}},"line":3},"1":{"name":"(anonymous_1)","decl":{"start":{"line":7,"column":23},"end":{"line":7,"column":24}},"loc":{"start":{"line":7,"column":28},"end":{"line":9,"column":3}},"line":7},"2":{"name":"(anonymous_2)","decl":{"start":{"line":11,"column":23},"end":{"line":11,"column":24}},"loc":{"start":{"line":11,"column":34},"end":{"line":29,"column":3}},"line":11}},"branchMap":{"0":{"loc":{"start":{"line":23,"column":4},"end":{"line":28,"column":5}},"type":"if","locations":[{"start":{"line":23,"column":4},"end":{"line":28,"column":5}},{"start":{"line":26,"column":11},"end":{"line":28,"column":5}}],"line":23},"1":{"loc":{"start":{"line":70,"column":35},"end":{"line":70,"column":102}},"type":"cond-expr","locations":[{"start":{"line":70,"column":69},"end":{"line":70,"column":85}},{"start":{"line":70,"column":88},"end":{"line":70,"column":102}}],"line":70}},"s":{"0":1,"1":10,"2":10,"3":10,"4":6,"5":10,"6":1,"7":1,"8":1,"9":1,"10":1,"11":0,"12":10},"f":{"0":10,"1":6,"2":1},"b":{"0":[1,0],"1":[1,9]},"_coverageSchema":"1a1c01bbd47fc00a2c39e90264f33305004495a9","hash":"4c16cab8dfdadbc88b86c0f1350fc9c1c96a9540"}
,"C:\\Users\\aksha\\OneDrive\\Desktop\\assurance\\BeemaAssurance-A\\BeemaAssurance-A\\src\\Components\\Contact\\Contact.stories.jsx": {"path":"C:\\Users\\aksha\\OneDrive\\Desktop\\assurance\\BeemaAssurance-A\\BeemaAssurance-A\\src\\Components\\Contact\\Contact.stories.jsx","statementMap":{"0":{"start":{"line":11,"column":17},"end":{"line":11,"column":48}},"1":{"start":{"line":11,"column":27},"end":{"line":11,"column":48}},"2":{"start":{"line":14,"column":23},"end":{"line":14,"column":40}},"3":{"start":{"line":15,"column":0},"end":{"line":15,"column":18}}},"fnMap":{"0":{"name":"(anonymous_0)","decl":{"start":{"line":11,"column":17},"end":{"line":11,"column":18}},"loc":{"start":{"line":11,"column":27},"end":{"line":11,"column":48}},"line":11}},"branchMap":{},"s":{"0":0,"1":0,"2":0,"3":0},"f":{"0":0},"b":{}}
,"C:\\Users\\aksha\\OneDrive\\Desktop\\assurance\\BeemaAssurance-A\\BeemaAssurance-A\\src\\Components\\Footer\\Footer.jsx": {"path":"C:\\Users\\aksha\\OneDrive\\Desktop\\assurance\\BeemaAssurance-A\\BeemaAssurance-A\\src\\Components\\Footer\\Footer.jsx","statementMap":{"0":{"start":{"line":7,"column":4},"end":{"line":32,"column":6}}},"fnMap":{"0":{"name":"Footer","decl":{"start":{"line":6,"column":9},"end":{"line":6,"column":15}},"loc":{"start":{"line":6,"column":18},"end":{"line":33,"column":1}},"line":6}},"branchMap":{},"s":{"0":3},"f":{"0":3},"b":{},"_coverageSchema":"1a1c01bbd47fc00a2c39e90264f33305004495a9","hash":"81a2ef201052169c0e768643c50fe9568743627e"}
,"C:\\Users\\aksha\\OneDrive\\Desktop\\assurance\\BeemaAssurance-A\\BeemaAssurance-A\\src\\Components\\Homepage\\Homepage.jsx": {"path":"C:\\Users\\aksha\\OneDrive\\Desktop\\assurance\\BeemaAssurance-A\\BeemaAssurance-A\\src\\Components\\Homepage\\Homepage.jsx","statementMap":{"0":{"start":{"line":8,"column":4},"end":{"line":53,"column":6}},"1":{"start":{"line":19,"column":19},"end":{"line":19,"column":71}},"2":{"start":{"line":28,"column":19},"end":{"line":28,"column":71}}},"fnMap":{"0":{"name":"Homepage","decl":{"start":{"line":7,"column":9},"end":{"line":7,"column":17}},"loc":{"start":{"line":7,"column":20},"end":{"line":54,"column":1}},"line":7},"1":{"name":"(anonymous_1)","decl":{"start":{"line":19,"column":13},"end":{"line":19,"column":14}},"loc":{"start":{"line":19,"column":19},"end":{"line":19,"column":71}},"line":19},"2":{"name":"(anonymous_2)","decl":{"start":{"line":28,"column":13},"end":{"line":28,"column":14}},"loc":{"start":{"line":28,"column":19},"end":{"line":28,"column":71}},"line":28}},"branchMap":{},"s":{"0":0,"1":0,"2":0},"f":{"0":0,"1":0,"2":0},"b":{}}
,"C:\\Users\\aksha\\OneDrive\\Desktop\\assurance\\BeemaAssurance-A\\BeemaAssurance-A\\src\\Components\\Icontext\\Icontext.jsx": {"path":"C:\\Users\\aksha\\OneDrive\\Desktop\\assurance\\BeemaAssurance-A\\BeemaAssurance-A\\src\\Components\\Icontext\\Icontext.jsx","statementMap":{"0":{"start":{"line":6,"column":4},"end":{"line":27,"column":6}}},"fnMap":{"0":{"name":"Icontext","decl":{"start":{"line":5,"column":9},"end":{"line":5,"column":17}},"loc":{"start":{"line":5,"column":20},"end":{"line":28,"column":1}},"line":5}},"branchMap":{},"s":{"0":0},"f":{"0":0},"b":{}}
,"C:\\Users\\aksha\\OneDrive\\Desktop\\assurance\\BeemaAssurance-A\\BeemaAssurance-A\\src\\Components\\Navbar\\Navbar.jsx": {"path":"C:\\Users\\aksha\\OneDrive\\Desktop\\assurance\\BeemaAssurance-A\\BeemaAssurance-A\\src\\Components\\Navbar\\Navbar.jsx","statementMap":{"0":{"start":{"line":7,"column":50},"end":{"line":7,"column":65}},"1":{"start":{"line":9,"column":20},"end":{"line":13,"column":3}},"2":{"start":{"line":15,"column":2},"end":{"line":116,"column":4}},"3":{"start":{"line":41,"column":27},"end":{"line":41,"column":56}},"4":{"start":{"line":48,"column":27},"end":{"line":48,"column":65}},"5":{"start":{"line":60,"column":12},"end":{"line":73,"column":21}},"6":{"start":{"line":63,"column":16},"end":{"line":63,"column":31}},"7":{"start":{"line":64,"column":16},"end":{"line":64,"column":43}},"8":{"start":{"line":84,"column":14},"end":{"line":84,"column":44}},"9":{"start":{"line":85,"column":14},"end":{"line":85,"column":41}}},"fnMap":{"0":{"name":"Navbar","decl":{"start":{"line":6,"column":9},"end":{"line":6,"column":15}},"loc":{"start":{"line":6,"column":81},"end":{"line":117,"column":1}},"line":6},"1":{"name":"(anonymous_1)","decl":{"start":{"line":41,"column":21},"end":{"line":41,"column":22}},"loc":{"start":{"line":41,"column":27},"end":{"line":41,"column":56}},"line":41},"2":{"name":"(anonymous_2)","decl":{"start":{"line":48,"column":21},"end":{"line":48,"column":22}},"loc":{"start":{"line":48,"column":27},"end":{"line":48,"column":65}},"line":48},"3":{"name":"(anonymous_3)","decl":{"start":{"line":59,"column":25},"end":{"line":59,"column":26}},"loc":{"start":{"line":60,"column":12},"end":{"line":73,"column":21}},"line":60},"4":{"name":"(anonymous_4)","decl":{"start":{"line":62,"column":23},"end":{"line":62,"column":24}},"loc":{"start":{"line":62,"column":29},"end":{"line":65,"column":15}},"line":62},"5":{"name":"(anonymous_5)","decl":{"start":{"line":83,"column":21},"end":{"line":83,"column":22}},"loc":{"start":{"line":83,"column":27},"end":{"line":86,"column":13}},"line":83}},"branchMap":{"0":{"loc":{"start":{"line":51,"column":13},"end":{"line":51,"column":41}},"type":"cond-expr","locations":[{"start":{"line":51,"column":32},"end":{"line":51,"column":35}},{"start":{"line":51,"column":38},"end":{"line":51,"column":41}}],"line":51},"1":{"loc":{"start":{"line":57,"column":7},"end":{"line":94,"column":7}},"type":"binary-expr","locations":[{"start":{"line":57,"column":7},"end":{"line":57,"column":23}},{"start":{"line":58,"column":8},"end":{"line":93,"column":14}}],"line":57}},"s":{"0":0,"1":0,"2":0,"3":0,"4":0,"5":0,"6":0,"7":0,"8":0,"9":0},"f":{"0":0,"1":0,"2":0,"3":0,"4":0,"5":0},"b":{"0":[0,0],"1":[0,0]}}
}
