TN:
SF:src\Components\Contact\Contact.jsx
FN:3,(anonymous_0)
FN:7,(anonymous_1)
FN:11,(anonymous_2)
FNF:3
FNH:3
FNDA:15,(anonymous_0)
FNDA:9,(anonymous_1)
FNDA:2,(anonymous_2)
DA:3,1
DA:4,15
DA:5,15
DA:7,15
DA:8,9
DA:11,15
DA:12,2
DA:14,2
DA:23,2
DA:24,1
DA:25,1
DA:27,1
DA:31,15
LF:13
LH:13
BRDA:23,0,0,1
BRDA:23,0,1,1
BRDA:72,1,0,1
BRDA:72,1,1,14
BRF:4
BRH:4
end_of_record
TN:
SF:src\Components\Footer\Footer.jsx
FN:7,Footer
FNF:1
FNH:1
FNDA:7,Footer
DA:8,7
LF:1
LH:1
BRF:0
BRH:0
end_of_record
TN:
SF:src\Components\Footer\Footer.stories.jsx
FN:9,(anonymous_0)
FNF:1
FNH:1
FNDA:1,(anonymous_0)
DA:9,1
DA:11,1
DA:12,1
LF:3
LH:3
BRF:0
BRH:0
end_of_record
