TN:
SF:src\Components\Contact\Contact.jsx
FN:3,(anonymous_0)
FN:7,(anonymous_1)
FN:11,(anonymous_2)
FNF:3
FNH:3
FNDA:15,(anonymous_0)
FNDA:9,(anonymous_1)
FNDA:2,(anonymous_2)
DA:3,1
DA:4,15
DA:5,15
DA:7,15
DA:8,9
DA:11,15
DA:12,2
DA:14,2
DA:23,2
DA:24,1
DA:25,1
DA:27,1
DA:31,15
LF:13
LH:13
BRDA:23,0,0,1
BRDA:23,0,1,1
BRDA:72,1,0,1
BRDA:72,1,1,14
BRF:4
BRH:4
end_of_record
TN:
SF:src\Components\Footer\Footer.jsx
FN:7,Footer
FNF:1
FNH:1
FNDA:7,Footer
DA:8,7
LF:1
LH:1
BRF:0
BRH:0
end_of_record
TN:
SF:src\Components\Footer\Footer.stories.jsx
FN:9,(anonymous_0)
FNF:1
FNH:1
FNDA:1,(anonymous_0)
DA:9,1
DA:11,1
DA:12,1
LF:3
LH:3
BRF:0
BRH:0
end_of_record
TN:
SF:src\Components\Homepage\Homepage.jsx
FN:7,Homepage
FN:19,(anonymous_1)
FN:28,(anonymous_2)
FNF:3
FNH:0
FNDA:0,Homepage
FNDA:0,(anonymous_1)
FNDA:0,(anonymous_2)
DA:8,0
DA:19,0
DA:28,0
LF:3
LH:0
BRF:0
BRH:0
end_of_record
TN:
SF:src\Components\Navbar\Navbar.jsx
FN:6,Navbar
FN:45,(anonymous_1)
FN:52,(anonymous_2)
FN:63,(anonymous_3)
FN:66,(anonymous_4)
FN:87,(anonymous_5)
FNF:6
FNH:0
FNDA:0,Navbar
FNDA:0,(anonymous_1)
FNDA:0,(anonymous_2)
FNDA:0,(anonymous_3)
FNDA:0,(anonymous_4)
FNDA:0,(anonymous_5)
DA:7,0
DA:9,0
DA:15,0
DA:45,0
DA:52,0
DA:64,0
DA:67,0
DA:68,0
DA:88,0
DA:89,0
LF:10
LH:0
BRDA:55,0,0,0
BRDA:55,0,1,0
BRDA:61,1,0,0
BRDA:61,1,1,0
BRF:4
BRH:0
end_of_record
TN:
SF:src\stories\Button.jsx
FN:6,(anonymous_0)
FNF:1
FNH:0
FNDA:0,(anonymous_0)
DA:6,0
DA:13,0
DA:14,0
DA:26,0
LF:4
LH:0
BRDA:7,0,0,0
BRDA:8,1,0,0
BRDA:9,2,0,0
BRDA:13,3,0,0
BRDA:13,3,1,0
BRDA:18,4,0,0
BRDA:18,4,1,0
BRF:7
BRH:0
end_of_record
TN:
SF:src\stories\Button.stories.js
FNF:0
FNH:0
DA:24,0
DA:31,0
DA:37,0
DA:44,0
LF:4
LH:0
BRF:0
BRH:0
end_of_record
TN:
SF:src\stories\Header.jsx
FN:6,(anonymous_0)
FNF:1
FNH:0
FNDA:0,(anonymous_0)
DA:6,0
DA:7,0
DA:47,0
LF:3
LH:0
BRDA:6,0,0,0
BRDA:29,1,0,0
BRDA:29,1,1,0
BRF:3
BRH:0
end_of_record
TN:
SF:src\stories\Header.stories.js
FNF:0
FNH:0
DA:21,0
DA:29,0
LF:2
LH:0
BRF:0
BRH:0
end_of_record
TN:
SF:src\stories\Page.jsx
FN:6,(anonymous_0)
FN:13,(anonymous_1)
FN:14,(anonymous_2)
FN:15,(anonymous_3)
FNF:4
FNH:0
FNDA:0,(anonymous_0)
FNDA:0,(anonymous_1)
FNDA:0,(anonymous_2)
FNDA:0,(anonymous_3)
DA:6,0
DA:7,0
DA:9,0
DA:13,0
DA:14,0
DA:15,0
LF:6
LH:0
BRF:0
BRH:0
end_of_record
TN:
SF:src\stories\Page.stories.js
FN:18,(anonymous_0)
FNF:1
FNH:0
FNDA:0,(anonymous_0)
DA:14,0
DA:17,0
DA:19,0
DA:20,0
DA:21,0
DA:22,0
DA:23,0
DA:25,0
DA:26,0
LF:9
LH:0
BRF:0
BRH:0
end_of_record
